<Invoice:Invoice xmlns:Invoice="urn:oasis:names:specification:ubl:schema:xsd:Invoice-2" xmlns="urn:oasis:names:specification:ubl:schema:xsd:Invoice-2"
  xmlns:cac="urn:oasis:names:specification:ubl:schema:xsd:CommonAggregateComponents-2" xmlns:cbc="urn:oasis:names:specification:ubl:schema:xsd:CommonBasicComponents-2"
  xmlns:ns2="http://www.w3.org/2005/08/addressing" xmlns:ns3="http://www.w3.org/2009/02/ws-tra" xmlns:ns4="http://busdox.org/transport/identifiers/1.0/">
  <cbc:UBLVersionID>2.0</cbc:UBLVersionID>
  <cbc:CustomizationID schemeID="PEPPOL">urn:www.cenbii.eu:transaction:biicoretrdm010:ver1.0:#urn:www.peppol.eu:bis:peppol4a:ver1.0
  </cbc:CustomizationID>
  <cbc:ProfileID>urn:www.cenbii.eu:profile:bii04:ver1.0</cbc:ProfileID>
  <cbc:ID>B-BS-2287</cbc:ID>
  <cbc:IssueDate>2012-04-30</cbc:IssueDate>
  <cbc:InvoiceTypeCode>380</cbc:InvoiceTypeCode>
  <cbc:Note>Abrechnung April 2012 - PEPPOL Pilot 42v-FA1/23 P4 Post-Award 2012</cbc:Note>
  <cbc:DocumentCurrencyCode>EUR</cbc:DocumentCurrencyCode>
  <cbc:AccountingCost>5017</cbc:AccountingCost>
  <cac:InvoicePeriod>
    <cbc:StartDate>2012-04-01</cbc:StartDate>
    <cbc:EndDate>2012-04-30</cbc:EndDate>
  </cac:InvoicePeriod>
  <cac:OrderReference>
    <cbc:ID>1234567890</cbc:ID>
    <cbc:SalesOrderID>O-BS-525</cbc:SalesOrderID>
    <cbc:IssueDate>2012-01-01</cbc:IssueDate>
    <cbc:CustomerReference>BMF-220000/0010-V/5/2012</cbc:CustomerReference>
  </cac:OrderReference>
  <cac:AccountingSupplierParty>
    <cbc:CustomerAssignedAccountID>11011011</cbc:CustomerAssignedAccountID>
    <cac:Party>
      <cac:PartyIdentification>
        <cbc:ID schemeAgencyName="Firmenidentifikationsnummer der Statistik Austria" schemeID="AT:CID">FN 203682h HG Wien
        </cbc:ID>
      </cac:PartyIdentification>
      <cac:PartyName>
        <cbc:Name>42virtual Business Services GmbH</cbc:Name>
      </cac:PartyName>
      <cac:PostalAddress>
        <cbc:StreetName>Johannesgasse 15</cbc:StreetName>
        <cbc:CityName>Wien</cbc:CityName>
        <cbc:PostalZone>1010</cbc:PostalZone>
        <cac:Country>
          <cbc:IdentificationCode>AT</cbc:IdentificationCode>
        </cac:Country>
      </cac:PostalAddress>
      <cac:PartyTaxScheme>
        <cbc:CompanyID>ATU12345678</cbc:CompanyID>
        <cac:TaxScheme>
          <cbc:ID schemeAgencyID="6" schemeID="UN/ECE 5153">VAT</cbc:ID>
        </cac:TaxScheme>
      </cac:PartyTaxScheme>
      <cac:Contact>
        <cbc:Telephone>47111</cbc:Telephone>
        <cbc:Telefax>47122</cbc:Telefax>
        <cbc:ElectronicMail>test@example.org</cbc:ElectronicMail>
      </cac:Contact>
    </cac:Party>
  </cac:AccountingSupplierParty>
  <cac:AccountingCustomerParty>
    <cbc:SupplierAssignedAccountID>149</cbc:SupplierAssignedAccountID>
    <cac:Party>
      <cac:PartyIdentification>
        <cbc:ID schemeAgencyName="Österreichische Umsatzsteuer-Identifikationsnummer" schemeID="AT:VAT">ATU 378 664 03
        </cbc:ID>
      </cac:PartyIdentification>
      <cac:PartyName>
        <cbc:Name>Bundesministerium für Finanzen</cbc:Name>
      </cac:PartyName>
      <cac:PostalAddress>
        <cbc:StreetName>Hintere Zollamtsstraße 2b</cbc:StreetName>
        <cbc:CityName>Wien</cbc:CityName>
        <cbc:PostalZone>1030</cbc:PostalZone>
        <cac:Country>
          <cbc:IdentificationCode>AT</cbc:IdentificationCode>
        </cac:Country>
      </cac:PostalAddress>
      <cac:PartyTaxScheme>
        <cbc:CompanyID>ATU 378 664 03</cbc:CompanyID>
        <cac:TaxScheme>
          <cbc:ID schemeAgencyID="6" schemeID="UN/ECE 5153">VAT</cbc:ID>
        </cac:TaxScheme>
      </cac:PartyTaxScheme>
      <cac:Contact>
        <cbc:Name>Abteilung V/1-AP</cbc:Name>
      </cac:Contact>
    </cac:Party>
  </cac:AccountingCustomerParty>
  <cac:PaymentMeans>
    <cbc:PaymentMeansCode>31</cbc:PaymentMeansCode>
    <cbc:PaymentDueDate>2009-12-31</cbc:PaymentDueDate>
    <cbc:PaymentChannelCode>IBAN</cbc:PaymentChannelCode>
    <cac:PayeeFinancialAccount>
      <cbc:ID schemeID="IBAN">AT89 1111 2222 3333 0000</cbc:ID>
      <cac:FinancialInstitutionBranch>
        <cac:FinancialInstitution>
          <cbc:ID schemeID="BIC">TUVTAT21</cbc:ID>
        </cac:FinancialInstitution>
      </cac:FinancialInstitutionBranch>
    </cac:PayeeFinancialAccount>
  </cac:PaymentMeans>
  <cac:PaymentTerms>
    <cbc:Note>Zahlbar 20 Tage ab Rechnungsdatum netto ohne Abzüge durch Banküberweisung</cbc:Note>
  </cac:PaymentTerms>
  <cac:TaxTotal>
    <cbc:TaxAmount currencyID="EUR">27.13</cbc:TaxAmount>
    <cac:TaxSubtotal>
      <cbc:TaxableAmount currencyID="EUR">135.63</cbc:TaxableAmount>
      <cbc:TaxAmount currencyID="EUR">27.13</cbc:TaxAmount>
      <cac:TaxCategory>
        <cbc:ID schemeAgencyID="6" schemeID="UN/ECE 5305">S</cbc:ID>
        <cbc:Percent>20</cbc:Percent>
        <cac:TaxScheme>
          <cbc:ID schemeAgencyID="6" schemeID="UN/ECE 5153">VAT</cbc:ID>
        </cac:TaxScheme>
      </cac:TaxCategory>
    </cac:TaxSubtotal>
  </cac:TaxTotal>
  <cac:LegalMonetaryTotal>
    <cbc:LineExtensionAmount currencyID="EUR">135.63</cbc:LineExtensionAmount>
    <cbc:TaxExclusiveAmount currencyID="EUR">135.63</cbc:TaxExclusiveAmount>
    <cbc:TaxInclusiveAmount currencyID="EUR">162.76</cbc:TaxInclusiveAmount>
    <cbc:PayableAmount currencyID="EUR">162.76</cbc:PayableAmount>
  </cac:LegalMonetaryTotal>
  <cac:InvoiceLine>
    <cbc:ID>1</cbc:ID>
    <cbc:InvoicedQuantity unitCode="LH">1</cbc:InvoicedQuantity>
    <cbc:LineExtensionAmount currencyID="EUR">135.63</cbc:LineExtensionAmount>
    <cac:OrderLineReference>
      <cbc:LineID>10</cbc:LineID>
    </cac:OrderLineReference>
    <cac:TaxTotal>
      <cbc:TaxAmount currencyID="EUR">27.13</cbc:TaxAmount>
      <cac:TaxSubtotal>
        <cbc:TaxableAmount currencyID="EUR">135.63</cbc:TaxableAmount>
        <cbc:TaxAmount currencyID="EUR">27.13</cbc:TaxAmount>
        <cac:TaxCategory>
          <cbc:ID schemeAgencyID="6" schemeID="UN/ECE 5305">S</cbc:ID>
          <cbc:Percent>20</cbc:Percent>
          <cac:TaxScheme>
            <cbc:ID schemeAgencyID="6" schemeID="UN/ECE 5153">VAT</cbc:ID>
          </cac:TaxScheme>
        </cac:TaxCategory>
      </cac:TaxSubtotal>
    </cac:TaxTotal>
    <cac:Item>
      <cbc:Description>Abrechnung</cbc:Description>
      <cbc:Name>Abrechnung</cbc:Name>
      <cac:SellersItemIdentification>
        <cbc:ID>Forst-Rakoczy</cbc:ID>
      </cac:SellersItemIdentification>
    </cac:Item>
    <cac:Price>
      <cbc:PriceAmount currencyID="EUR">1085.00</cbc:PriceAmount>
      <cbc:BaseQuantity unitCode="LH">8</cbc:BaseQuantity>
    </cac:Price>
  </cac:InvoiceLine>
</Invoice:Invoice>